<?xml version="1.0" encoding="UTF-8"?>
<!-- Generated by org.testng.reporters.JUnitReportReporter -->
<testsuite skipped="0" hostname="Reshma.local" name="service.testing.pokeApi.FetchPokemonAbilityByNumber" tests="1" failures="0" timestamp="08 Jul 2019 00:32:09 GMT" time="1.491" errors="0">
  <testcase name="validatePokemonHasAbility" time="1.491" classname="service.testing.pokeApi.FetchPokemonAbilityByNumber"/>
</testsuite> <!-- service.testing.pokeApi.FetchPokemonAbilityByNumber -->
