<?xml version="1.0" encoding="UTF-8"?>
<!-- Generated by org.testng.reporters.JUnitReportReporter -->
<testsuite skipped="0" hostname="Reshma.local" name="service.testing.pokeApi.FetchPokemonTypeByNumber" tests="2" failures="0" timestamp="08 Jul 2019 01:58:24 GMT" time="1.594" errors="0">
  <testcase name="validateResponse" time="0.131" classname="service.testing.pokeApi.FetchPokemonTypeByNumber"/>
  <testcase name="getListOfPokemonbyType" time="1.463" classname="service.testing.pokeApi.FetchPokemonTypeByNumber"/>
</testsuite> <!-- service.testing.pokeApi.FetchPokemonTypeByNumber -->
