<?xml version="1.0" encoding="UTF-8"?>
<!-- Generated by org.testng.reporters.JUnitReportReporter -->
<testsuite skipped="0" hostname="Reshma.local" name="service.testing.pokeApi.FetchPokemonByName" tests="2" failures="0" timestamp="08 Jul 2019 01:58:24 GMT" time="0.461" errors="0">
  <testcase name="validatePokemonViaNumber" time="0.326" classname="service.testing.pokeApi.FetchPokemonByName"/>
  <testcase name="fetchPokemonByName" time="0.135" classname="service.testing.pokeApi.FetchPokemonByName"/>
</testsuite> <!-- service.testing.pokeApi.FetchPokemonByName -->
