<?xml version="1.0" encoding="UTF-8"?>
<!-- Generated by org.testng.reporters.JUnitReportReporter -->
<testsuite skipped="0" hostname="Reshma.local" name="service.testing.pokeApi.FetchPokemonByNumber" tests="1" failures="0" timestamp="08 Jul 2019 01:58:24 GMT" time="2.053" errors="0">
  <testcase name="validatePokemonViaName" time="2.053" classname="service.testing.pokeApi.FetchPokemonByNumber"/>
</testsuite> <!-- service.testing.pokeApi.FetchPokemonByNumber -->
