<?xml version="1.0" encoding="UTF-8"?>
<!-- Generated by org.testng.reporters.JUnitReportReporter -->
<testsuite skipped="0" hostname="Reshma.local" name="learn.test.two.ClassOne" tests="1" failures="0" timestamp="07 Jul 2019 21:01:48 GMT" time="0.001" errors="0">
  <testcase name="methodOne" time="0.001" classname="learn.test.two.ClassOne"/>
</testsuite> <!-- learn.test.two.ClassOne -->
