<?xml version="1.0" encoding="UTF-8"?>
<!-- Generated by org.testng.reporters.JUnitReportReporter -->
<testsuite skipped="0" hostname="Reshma.local" name="learn.test.one.ClassOne" tests="2" failures="0" timestamp="07 Jul 2019 21:01:48 GMT" time="0.002" errors="0">
  <testcase name="methodOne" time="0.001" classname="learn.test.one.ClassOne"/>
  <testcase name="methodTwo" time="0.001" classname="learn.test.one.ClassOne"/>
</testsuite> <!-- learn.test.one.ClassOne -->
