<?xml version="1.0" encoding="UTF-8"?>
<!-- Generated by org.testng.reporters.JUnitReportReporter -->
<testsuite skipped="0" hostname="Reshma.local" name="service.testing.pokeApi.FetchPokemonTypeByNumber" tests="2" failures="0" timestamp="07 Jul 2019 21:04:17 GMT" time="0.843" errors="0">
  <testcase name="getListOfPokemonbyType" time="0.679" classname="service.testing.pokeApi.FetchPokemonTypeByNumber"/>
  <testcase name="validateResponse" time="0.164" classname="service.testing.pokeApi.FetchPokemonTypeByNumber"/>
</testsuite> <!-- service.testing.pokeApi.FetchPokemonTypeByNumber -->
