<?xml version="1.0" encoding="UTF-8"?>
<!-- Generated by org.testng.reporters.JUnitReportReporter -->
<testsuite skipped="0" hostname="Reshma.local" name="service.testing.pokeApi.FetchPokemonByNumber" tests="2" failures="0" timestamp="07 Jul 2019 21:04:17 GMT" time="0.590" errors="0">
  <testcase name="fetchPokemonByNumber" time="0.205" classname="service.testing.pokeApi.FetchPokemonByNumber"/>
  <testcase name="validatePokemonViaName" time="0.385" classname="service.testing.pokeApi.FetchPokemonByNumber"/>
</testsuite> <!-- service.testing.pokeApi.FetchPokemonByNumber -->
