<?xml version="1.0" encoding="UTF-8"?>
<!-- Generated by org.testng.reporters.JUnitReportReporter -->
<testsuite skipped="0" hostname="Reshma.local" name="service.testing.pokeApi.FetchPokemonByName" tests="2" failures="0" timestamp="07 Jul 2019 21:04:17 GMT" time="0.496" errors="0">
  <testcase name="fetchPokemonByName" time="0.140" classname="service.testing.pokeApi.FetchPokemonByName"/>
  <testcase name="validatePokemonViaNumber" time="0.356" classname="service.testing.pokeApi.FetchPokemonByName"/>
</testsuite> <!-- service.testing.pokeApi.FetchPokemonByName -->
