<?xml version="1.0" encoding="UTF-8"?>
<!-- Generated by org.testng.reporters.JUnitReportReporter -->
<testsuite skipped="0" hostname="Reshma.local" name="service.testing.pokeApi.FetchPokemonAbilityByNumber" tests="1" failures="0" timestamp="07 Jul 2019 21:04:17 GMT" time="0.717" errors="0">
  <testcase name="validatePokemonHasAbility" time="0.717" classname="service.testing.pokeApi.FetchPokemonAbilityByNumber"/>
</testsuite> <!-- service.testing.pokeApi.FetchPokemonAbilityByNumber -->
